{"level":"info","message":"Server running on port 5000","timestamp":"2025-08-04T19:07:13.806Z"}
{"level":"info","message":"Server running on port 5000","timestamp":"2025-08-04T19:15:11.930Z"}
{"level":"info","message":"Server running on port 5000","timestamp":"2025-08-05T15:33:03.163Z"}
{"level":"info","message":"Server running on port 5000","timestamp":"2025-08-05T15:55:04.754Z"}
{"level":"info","message":"Server running on port 5000","timestamp":"2025-08-05T16:00:00.613Z"}
{"level":"info","message":"Server running on port 5000","timestamp":"2025-08-05T16:02:15.793Z"}
{"level":"info","message":"Server running on port 5000","timestamp":"2025-08-05T16:15:23.767Z"}
{"level":"info","message":"Server running on port 5000","timestamp":"2025-08-05T16:17:59.643Z"}
{"level":"info","message":"Login attempt with body: {\"email\":\"juan@gmail.com\",\"password\":\"juanjuan123\"}","timestamp":"2025-08-05T16:18:19.718Z"}
{"level":"info","message":"User found: juan@gmail.com","timestamp":"2025-08-05T16:18:19.727Z"}
{"level":"info","message":"Password match: false","timestamp":"2025-08-05T16:18:19.778Z"}
{"level":"info","message":"Login attempt with body: {\"email\":\"vjuanjose841@gmail.com\",\"password\":\"juanjuan123\"}","timestamp":"2025-08-05T16:18:33.910Z"}
{"level":"info","message":"User found: vjuanjose841@gmail.com","timestamp":"2025-08-05T16:18:33.912Z"}
{"level":"info","message":"Password match: false","timestamp":"2025-08-05T16:18:33.964Z"}
{"level":"info","message":"Login attempt with body: {\"email\":\"vjuanjose841@gmail.com\",\"password\":\"juanjuan123\"}","timestamp":"2025-08-05T16:22:26.428Z"}
{"level":"info","message":"User found: vjuanjose841@gmail.com","timestamp":"2025-08-05T16:22:26.430Z"}
{"level":"info","message":"Password match: false","timestamp":"2025-08-05T16:22:26.484Z"}
{"level":"info","message":"Login attempt with body: {\"email\":\"vjuanjose@gmail.com\",\"password\":\"juanjuan123\"}","timestamp":"2025-08-05T16:26:22.015Z"}
{"level":"info","message":"User found: vjuanjose@gmail.com","timestamp":"2025-08-05T16:26:22.017Z"}
{"level":"info","message":"Password match: false","timestamp":"2025-08-05T16:26:22.068Z"}
{"level":"info","message":"Login attempt with body: {\"email\":\"vjuanjose@gmail.com\",\"password\":\"juanjuan123\"}","timestamp":"2025-08-05T16:26:29.560Z"}
{"level":"info","message":"User found: vjuanjose@gmail.com","timestamp":"2025-08-05T16:26:29.562Z"}
{"level":"info","message":"Password match: false","timestamp":"2025-08-05T16:26:29.612Z"}
{"level":"info","message":"Login attempt with body: {\"email\":\"vjuanjose@gmail.com\",\"password\":\"juanjuan123\"}","timestamp":"2025-08-05T16:26:30.412Z"}
{"level":"info","message":"User found: vjuanjose@gmail.com","timestamp":"2025-08-05T16:26:30.414Z"}
{"level":"info","message":"Password match: false","timestamp":"2025-08-05T16:26:30.464Z"}
{"level":"info","message":"Login attempt with body: {\"email\":\"vjuanjose@gmail.com\",\"password\":\"juanjuan123\"}","timestamp":"2025-08-05T16:26:31.155Z"}
{"level":"info","message":"User found: vjuanjose@gmail.com","timestamp":"2025-08-05T16:26:31.157Z"}
{"level":"info","message":"Password match: false","timestamp":"2025-08-05T16:26:31.207Z"}
{"level":"info","message":"Login attempt with body: {\"email\":\"vjuanjose@gmail.com\",\"password\":\"juanjuan123\"}","timestamp":"2025-08-05T16:26:31.960Z"}
{"level":"info","message":"User found: vjuanjose@gmail.com","timestamp":"2025-08-05T16:26:31.962Z"}
{"level":"info","message":"Password match: false","timestamp":"2025-08-05T16:26:32.013Z"}
{"level":"info","message":"Login attempt with body: {\"email\":\"vjuanjose@gmail.com\",\"password\":\"juanjuan123\"}","timestamp":"2025-08-05T16:26:40.232Z"}
{"level":"info","message":"User found: vjuanjose@gmail.com","timestamp":"2025-08-05T16:26:40.234Z"}
{"level":"info","message":"Password match: false","timestamp":"2025-08-05T16:26:40.285Z"}
{"level":"info","message":"Login attempt with body: {\"email\":\"vjuanjose@gmail.com\",\"password\":\"juanjuan123\"}","timestamp":"2025-08-05T16:26:40.757Z"}
{"level":"info","message":"User found: vjuanjose@gmail.com","timestamp":"2025-08-05T16:26:40.759Z"}
{"level":"info","message":"Password match: false","timestamp":"2025-08-05T16:26:40.809Z"}
{"level":"info","message":"Login attempt with body: {\"email\":\"vjuanjose@gmail.com\",\"password\":\"juanjuan123\"}","timestamp":"2025-08-05T16:26:42.016Z"}
{"level":"info","message":"User found: vjuanjose@gmail.com","timestamp":"2025-08-05T16:26:42.017Z"}
{"level":"info","message":"Password match: false","timestamp":"2025-08-05T16:26:42.067Z"}
{"level":"info","message":"Login attempt with body: {\"email\":\"vjuanjose@gmail.com\",\"password\":\"juanjuan123\"}","timestamp":"2025-08-05T16:26:42.736Z"}
{"level":"info","message":"User found: vjuanjose@gmail.com","timestamp":"2025-08-05T16:26:42.737Z"}
{"level":"info","message":"Password match: false","timestamp":"2025-08-05T16:26:42.788Z"}
{"level":"info","message":"Server running on port 5000","timestamp":"2025-08-05T16:36:14.788Z"}
